mode: set
middleman-capstone/feature/users/usecase/logic.go:22.72,27.2 1 1
middleman-capstone/feature/users/usecase/logic.go:29.74,30.121 1 1
middleman-capstone/feature/users/usecase/logic.go:33.2,34.17 2 1
middleman-capstone/feature/users/usecase/logic.go:30.121,32.3 1 1
middleman-capstone/feature/users/usecase/logic.go:37.97,40.2 2 0
middleman-capstone/feature/users/usecase/logic.go:42.64,45.16 2 1
middleman-capstone/feature/users/usecase/logic.go:54.2,54.18 1 1
middleman-capstone/feature/users/usecase/logic.go:45.16,47.36 2 0
middleman-capstone/feature/users/usecase/logic.go:47.36,49.4 1 0
middleman-capstone/feature/users/usecase/logic.go:49.9,51.4 1 0
middleman-capstone/feature/users/usecase/logic.go:57.68,60.2 2 1
middleman-capstone/feature/users/usecase/logic.go:62.92,64.22 2 1
middleman-capstone/feature/users/usecase/logic.go:67.2,67.23 1 1
middleman-capstone/feature/users/usecase/logic.go:70.2,70.23 1 1
middleman-capstone/feature/users/usecase/logic.go:73.2,73.25 1 1
middleman-capstone/feature/users/usecase/logic.go:76.2,76.26 1 1
middleman-capstone/feature/users/usecase/logic.go:83.2,84.17 2 1
middleman-capstone/feature/users/usecase/logic.go:64.22,66.3 1 1
middleman-capstone/feature/users/usecase/logic.go:67.23,69.3 1 1
middleman-capstone/feature/users/usecase/logic.go:70.23,72.3 1 1
middleman-capstone/feature/users/usecase/logic.go:73.25,75.3 1 1
middleman-capstone/feature/users/usecase/logic.go:76.26,78.23 2 1
middleman-capstone/feature/users/usecase/logic.go:81.3,81.47 1 1
middleman-capstone/feature/users/usecase/logic.go:78.23,80.4 1 0
middleman-capstone/feature/users/usecase/logic.go:87.81,91.23 3 0
middleman-capstone/feature/users/usecase/logic.go:96.2,99.20 3 0
middleman-capstone/feature/users/usecase/logic.go:103.2,103.12 1 0
middleman-capstone/feature/users/usecase/logic.go:91.23,94.3 2 0
middleman-capstone/feature/users/usecase/logic.go:99.20,102.3 2 0
middleman-capstone/feature/users/usecase/logic.go:106.75,108.23 2 0
middleman-capstone/feature/users/usecase/logic.go:113.2,113.21 1 0
middleman-capstone/feature/users/usecase/logic.go:108.23,111.3 2 0
middleman-capstone/feature/users/usecase/logic.go:116.93,121.20 4 0
middleman-capstone/feature/users/usecase/logic.go:126.2,128.20 2 0
middleman-capstone/feature/users/usecase/logic.go:132.2,132.12 1 0
middleman-capstone/feature/users/usecase/logic.go:121.20,124.3 2 0
middleman-capstone/feature/users/usecase/logic.go:128.20,131.3 2 0
middleman-capstone/feature/users/usecase/logic.go:135.61,138.16 2 0
middleman-capstone/feature/users/usecase/logic.go:143.2,143.13 1 0
middleman-capstone/feature/users/usecase/logic.go:148.2,148.12 1 0
middleman-capstone/feature/users/usecase/logic.go:138.16,141.3 2 0
middleman-capstone/feature/users/usecase/logic.go:143.13,146.3 2 0
